<?xml version="1.0" encoding="UTF-8"?>
<!-- Generated by org.testng.reporters.JUnitXMLReporter -->
<testsuite ignored="4" hostname="DESKTOP-IJC4RIS" failures="0" tests="4" name="TestRunner1" time="16.873" errors="0" timestamp="2023-09-25T13:41:50 IST">
  <testcase classname="com.TestNG.SampleTest" name="sample" time="0.01"/>
  <testcase classname="com.TestNG.SampleTest" name="sampleReg" time="0.002"/>
  <testcase classname="com.TestNG.DemoTest" name="demoTest" time="0.006"/>
  <testcase classname="com.TestNG.SimpleTest" name="simpleTest" time="0.037"/>
  <testcase classname="com.GenericUtility.BaseClass" name="@BeforeSuite configBS" time="0.0">
    <ignored/>
  </testcase> <!-- @BeforeSuite configBS -->
  <testcase classname="com.GenericUtility.BaseClass" name="@BeforeSuite configBS" time="0.0">
    <ignored/>
  </testcase> <!-- @BeforeSuite configBS -->
  <testcase classname="com.GenericUtility.BaseClass" name="@AfterSuite configAS" time="0.0">
    <ignored/>
  </testcase> <!-- @AfterSuite configAS -->
  <testcase classname="com.GenericUtility.BaseClass" name="@AfterSuite configAS" time="0.0">
    <ignored/>
  </testcase> <!-- @AfterSuite configAS -->
</testsuite> <!-- TestRunner1 -->
