<?xml version="1.0" encoding="UTF-8"?>
<testng-results ignored="4" total="8" passed="4" failed="0" skipped="0">
  <reporter-output>
  </reporter-output>
  <suite started-at="2023-09-25T13:41:33 IST" name="Suite" finished-at="2023-09-25T13:41:50 IST" duration-ms="16873">
    <groups>
    </groups>
    <test started-at="2023-09-25T13:41:33 IST" name="TestRunner1" finished-at="2023-09-25T13:41:50 IST" duration-ms="16873">
      <class name="com.TestNG.DemoTest">
        <test-method is-config="true" signature="configBC()[pri:0, instance:com.TestNG.DemoTest@5542c4ed]" started-at="2023-09-25T13:41:41 IST" name="configBC" finished-at="2023-09-25T13:41:44 IST" duration-ms="2786" status="PASS">
          <reporter-output>
          </reporter-output>
        </test-method> <!-- configBC -->
        <test-method is-config="true" signature="configBM()[pri:0, instance:com.TestNG.DemoTest@5542c4ed]" started-at="2023-09-25T13:41:44 IST" name="configBM" finished-at="2023-09-25T13:41:45 IST" duration-ms="909" status="PASS">
          <reporter-output>
          </reporter-output>
        </test-method> <!-- configBM -->
        <test-method signature="demoTest()[pri:0, instance:com.TestNG.DemoTest@5542c4ed]" started-at="2023-09-25T13:41:45 IST" name="demoTest" finished-at="2023-09-25T13:41:45 IST" duration-ms="6" status="PASS">
          <reporter-output>
          </reporter-output>
        </test-method> <!-- demoTest -->
        <test-method is-config="true" signature="configAM()[pri:0, instance:com.TestNG.DemoTest@5542c4ed]" started-at="2023-09-25T13:41:45 IST" name="configAM" finished-at="2023-09-25T13:41:45 IST" duration-ms="280" status="PASS">
          <reporter-output>
          </reporter-output>
        </test-method> <!-- configAM -->
        <test-method is-config="true" signature="configAC()[pri:0, instance:com.TestNG.DemoTest@5542c4ed]" started-at="2023-09-25T13:41:45 IST" name="configAC" finished-at="2023-09-25T13:41:45 IST" duration-ms="248" status="PASS">
          <reporter-output>
          </reporter-output>
        </test-method> <!-- configAC -->
      </class> <!-- com.TestNG.DemoTest -->
      <class name="com.TestNG.SampleTest">
        <test-method is-config="true" signature="configBS()[pri:0, instance:com.TestNG.SampleTest@6025e1b6]" started-at="2023-09-25T13:41:32 IST" name="configBS" finished-at="2023-09-25T13:41:33 IST" duration-ms="520" status="PASS">
          <reporter-output>
          </reporter-output>
        </test-method> <!-- configBS -->
        <test-method is-config="true" signature="configBC()[pri:0, instance:com.TestNG.SampleTest@6025e1b6]" started-at="2023-09-25T13:41:33 IST" name="configBC" finished-at="2023-09-25T13:41:38 IST" duration-ms="5426" status="PASS">
          <reporter-output>
          </reporter-output>
        </test-method> <!-- configBC -->
        <test-method is-config="true" signature="configBM()[pri:0, instance:com.TestNG.SampleTest@6025e1b6]" started-at="2023-09-25T13:41:38 IST" name="configBM" finished-at="2023-09-25T13:41:39 IST" duration-ms="1027" status="PASS">
          <reporter-output>
          </reporter-output>
        </test-method> <!-- configBM -->
        <test-method signature="sample()[pri:0, instance:com.TestNG.SampleTest@6025e1b6]" started-at="2023-09-25T13:41:39 IST" name="sample" finished-at="2023-09-25T13:41:39 IST" duration-ms="10" status="PASS">
          <reporter-output>
          </reporter-output>
        </test-method> <!-- sample -->
        <test-method is-config="true" signature="configAM()[pri:0, instance:com.TestNG.SampleTest@6025e1b6]" started-at="2023-09-25T13:41:39 IST" name="configAM" finished-at="2023-09-25T13:41:40 IST" duration-ms="355" status="PASS">
          <reporter-output>
          </reporter-output>
        </test-method> <!-- configAM -->
        <test-method is-config="true" signature="configBM()[pri:0, instance:com.TestNG.SampleTest@6025e1b6]" started-at="2023-09-25T13:41:40 IST" name="configBM" finished-at="2023-09-25T13:41:40 IST" duration-ms="796" status="PASS">
          <reporter-output>
          </reporter-output>
        </test-method> <!-- configBM -->
        <test-method signature="sampleReg()[pri:0, instance:com.TestNG.SampleTest@6025e1b6]" started-at="2023-09-25T13:41:40 IST" name="sampleReg" finished-at="2023-09-25T13:41:40 IST" duration-ms="2" status="PASS">
          <reporter-output>
          </reporter-output>
        </test-method> <!-- sampleReg -->
        <test-method is-config="true" signature="configAM()[pri:0, instance:com.TestNG.SampleTest@6025e1b6]" started-at="2023-09-25T13:41:40 IST" name="configAM" finished-at="2023-09-25T13:41:41 IST" duration-ms="204" status="PASS">
          <reporter-output>
          </reporter-output>
        </test-method> <!-- configAM -->
        <test-method is-config="true" signature="configAC()[pri:0, instance:com.TestNG.SampleTest@6025e1b6]" started-at="2023-09-25T13:41:41 IST" name="configAC" finished-at="2023-09-25T13:41:41 IST" duration-ms="259" status="PASS">
          <reporter-output>
          </reporter-output>
        </test-method> <!-- configAC -->
        <test-method is-config="true" signature="configAS()[pri:0, instance:com.TestNG.SampleTest@6025e1b6]" started-at="2023-09-25T13:41:50 IST" name="configAS" finished-at="2023-09-25T13:41:50 IST" duration-ms="11" status="PASS">
          <reporter-output>
          </reporter-output>
        </test-method> <!-- configAS -->
      </class> <!-- com.TestNG.SampleTest -->
      <class name="com.TestNG.SimpleTest">
        <test-method is-config="true" signature="configBC()[pri:0, instance:com.TestNG.SimpleTest@1573f9fc]" started-at="2023-09-25T13:41:45 IST" name="configBC" finished-at="2023-09-25T13:41:48 IST" duration-ms="2763" status="PASS">
          <reporter-output>
          </reporter-output>
        </test-method> <!-- configBC -->
        <test-method is-config="true" signature="configBM()[pri:0, instance:com.TestNG.SimpleTest@1573f9fc]" started-at="2023-09-25T13:41:48 IST" name="configBM" finished-at="2023-09-25T13:41:49 IST" duration-ms="1091" status="PASS">
          <reporter-output>
          </reporter-output>
        </test-method> <!-- configBM -->
        <test-method signature="simpleTest()[pri:0, instance:com.TestNG.SimpleTest@1573f9fc]" started-at="2023-09-25T13:41:49 IST" name="simpleTest" finished-at="2023-09-25T13:41:49 IST" duration-ms="37" status="PASS">
          <reporter-output>
          </reporter-output>
        </test-method> <!-- simpleTest -->
        <test-method is-config="true" signature="configAM()[pri:0, instance:com.TestNG.SimpleTest@1573f9fc]" started-at="2023-09-25T13:41:49 IST" name="configAM" finished-at="2023-09-25T13:41:49 IST" duration-ms="358" status="PASS">
          <reporter-output>
          </reporter-output>
        </test-method> <!-- configAM -->
        <test-method is-config="true" signature="configAC()[pri:0, instance:com.TestNG.SimpleTest@1573f9fc]" started-at="2023-09-25T13:41:49 IST" name="configAC" finished-at="2023-09-25T13:41:50 IST" duration-ms="207" status="PASS">
          <reporter-output>
          </reporter-output>
        </test-method> <!-- configAC -->
      </class> <!-- com.TestNG.SimpleTest -->
    </test> <!-- TestRunner1 -->
  </suite> <!-- Suite -->
</testng-results>
